$ vips --vips-version
libvips 8.10.6-Tue Mar 23 20:52:58 UTC 2021

$ vips --vips-config
native win32: no
native OS X: no
open files in binary mode: no
enable debug: no
enable deprecated library components: yes
enable docs with gtkdoc: no
gobject introspection: no
enable radiance support: yes
enable analyze support: yes
enable PPM support: yes
use fftw3 for FFT: yes
Magick package: MagickCore
Magick API version: magick6
load with libMagick: yes
save with libMagick: yes
accelerate loops with orc: yes
ICC profile support with lcms: yes (lcms2)
file import with niftiio: no
file import with libheif: yes
file import with OpenEXR: yes
file import with OpenSlide: no
file import with matio: no
PDF import with PDFium: no
PDF import with poppler-glib: yes
SVG import with librsvg-2.0: yes
zlib: yes
file import with cfitsio: no
file import/export with libwebp: yes
text rendering with pangoft2: yes
file import/export with libspng: no
file import/export with libpng: yes (pkg-config libpng >= 1.2.9)
support 8bpp PNG quantisation: no
file import/export with libtiff: yes (pkg-config libtiff-4)
file import/export with giflib: yes (found by search)
file import/export with libjpeg: yes (pkg-config)
image pyramid export: yes
use libexif to load/save JPEG metadata: yes
